<?xml version="1.0" encoding="UTF-8"?>
<!-- Generated by org.testng.reporters.JUnitReportReporter -->
<testsuite hostname="LAPTOP-VKAG1RPA" failures="0" tests="3" name="org.acse.testCases.inventory.TC_UoM" time="16.359" errors="0" timestamp="16 Mar 2021 13:11:09 GMT" skipped="0">
  <testcase classname="org.acse.testCases.inventory.TC_UoM" name="selectALL_forUomCode" time="5.445"/>
  <testcase classname="org.acse.testCases.inventory.TC_UoM" name="createUomCode" time="6.140"/>
  <testcase classname="org.acse.testCases.inventory.TC_UoM" name="createUomCode" time="4.774"/>
</testsuite> <!-- org.acse.testCases.inventory.TC_UoM -->
